2024-10-25 11:16:10 - test_case_log - INFO - 开始登录前置
2024-10-25 11:16:50 - test_case_log - INFO - 开始登录前置
2024-10-25 11:17:22 - test_case_log - INFO - 开始登录前置
2024-10-25 11:17:47 - test_case_log - INFO - 开始登录前置
2024-10-25 11:19:20 - test_case_log - INFO - 开始登录前置
2024-10-25 11:38:07 - test_case_log - INFO - 开始登录前置
2024-10-25 11:38:09 - test_case_log - INFO - 准备打开url:https://mms.sermatec-cloud.com/login
2024-10-25 11:38:09 - test_case_log - INFO - 准备打开url:https://mms.sermatec-cloud.com/login
2024-10-25 11:38:19 - test_case_log - INFO - 打开url成功:https://mms.sermatec-cloud.com/login
2024-10-25 11:38:19 - test_case_log - INFO - 打开url成功:https://mms.sermatec-cloud.com/login
2024-10-25 11:38:19 - test_case_log - INFO - 准备最大化当前页面
2024-10-25 11:38:19 - test_case_log - INFO - 准备最大化当前页面
2024-10-25 11:38:19 - test_case_log - INFO - 最大化当前页面成功
2024-10-25 11:38:19 - test_case_log - INFO - 最大化当前页面成功
2024-10-25 11:38:19 - test_case_log - INFO - 准备输入内容:admin
2024-10-25 11:38:19 - test_case_log - INFO - 准备输入内容:admin
2024-10-25 11:38:19 - test_case_log - INFO - 等待('id', 'username')元素可见
2024-10-25 11:38:19 - test_case_log - INFO - 等待('id', 'username')元素可见
2024-10-25 11:38:20 - test_case_log - INFO - ('id', 'username')元素可见成功
2024-10-25 11:38:20 - test_case_log - INFO - ('id', 'username')元素可见成功
2024-10-25 11:38:20 - test_case_log - INFO - 输入内容成功:admin
2024-10-25 11:38:20 - test_case_log - INFO - 输入内容成功:admin
2024-10-25 11:38:20 - test_case_log - INFO - 准备输入内容:sermatec2023
2024-10-25 11:38:20 - test_case_log - INFO - 准备输入内容:sermatec2023
2024-10-25 11:38:20 - test_case_log - INFO - 等待('id', 'password')元素可见
2024-10-25 11:38:20 - test_case_log - INFO - 等待('id', 'password')元素可见
2024-10-25 11:38:20 - test_case_log - INFO - ('id', 'password')元素可见成功
2024-10-25 11:38:20 - test_case_log - INFO - ('id', 'password')元素可见成功
2024-10-25 11:38:20 - test_case_log - INFO - 输入内容成功:sermatec2023
2024-10-25 11:38:20 - test_case_log - INFO - 输入内容成功:sermatec2023
2024-10-25 11:38:20 - test_case_log - INFO - 准备点击
2024-10-25 11:38:20 - test_case_log - INFO - 准备点击
2024-10-25 11:38:20 - test_case_log - INFO - 等待('xpath', "//*[@type='submit']")元素可见
2024-10-25 11:38:20 - test_case_log - INFO - 等待('xpath', "//*[@type='submit']")元素可见
2024-10-25 11:38:20 - test_case_log - INFO - ('xpath', "//*[@type='submit']")元素可见成功
2024-10-25 11:38:20 - test_case_log - INFO - ('xpath', "//*[@type='submit']")元素可见成功
2024-10-25 11:38:20 - test_case_log - INFO - 点击成功
2024-10-25 11:38:20 - test_case_log - INFO - 点击成功
2024-10-25 11:38:20 - test_case_log - INFO - 前置登录成功
2024-10-25 11:38:20 - test_case_log - INFO - 前置登录成功
2024-10-25 11:38:20 - test_case_log - INFO - Test_Case_Login_Out_01开始执行用例
2024-10-25 11:38:20 - test_case_log - INFO - Test_Case_Login_Out_01开始执行用例
2024-10-25 11:38:20 - test_case_log - INFO - 准备点击
2024-10-25 11:38:20 - test_case_log - INFO - 准备点击
2024-10-25 11:38:20 - test_case_log - INFO - 等待('xpath', '//*[@class="ant-avatar ant-avatar-lg ant-avatar-circle css-1hzb5nd"]')元素可见
2024-10-25 11:38:20 - test_case_log - INFO - 等待('xpath', '//*[@class="ant-avatar ant-avatar-lg ant-avatar-circle css-1hzb5nd"]')元素可见
2024-10-25 11:38:21 - test_case_log - INFO - ('xpath', '//*[@class="ant-avatar ant-avatar-lg ant-avatar-circle css-1hzb5nd"]')元素可见成功
2024-10-25 11:38:21 - test_case_log - INFO - ('xpath', '//*[@class="ant-avatar ant-avatar-lg ant-avatar-circle css-1hzb5nd"]')元素可见成功
2024-10-25 11:38:21 - test_case_log - INFO - 点击成功
2024-10-25 11:38:21 - test_case_log - INFO - 点击成功
2024-10-25 11:38:21 - test_case_log - INFO - 准备点击
2024-10-25 11:38:21 - test_case_log - INFO - 准备点击
2024-10-25 11:38:21 - test_case_log - INFO - 等待('xpath', "//*[text()='登出']")元素可见
2024-10-25 11:38:21 - test_case_log - INFO - 等待('xpath', "//*[text()='登出']")元素可见
2024-10-25 11:38:22 - test_case_log - INFO - ('xpath', "//*[text()='登出']")元素可见成功
2024-10-25 11:38:22 - test_case_log - INFO - ('xpath', "//*[text()='登出']")元素可见成功
2024-10-25 11:38:22 - test_case_log - INFO - 点击成功
2024-10-25 11:38:22 - test_case_log - INFO - 点击成功
2024-10-25 11:38:22 - test_case_log - INFO - 准备获取元素文本信息
2024-10-25 11:38:22 - test_case_log - INFO - 准备获取元素文本信息
2024-10-25 11:38:22 - test_case_log - INFO - 等待('xpath', "//h2[contains(text(),'采日运维管理系统')]")元素可见
2024-10-25 11:38:22 - test_case_log - INFO - 等待('xpath', "//h2[contains(text(),'采日运维管理系统')]")元素可见
2024-10-25 11:38:22 - test_case_log - INFO - ('xpath', "//h2[contains(text(),'采日运维管理系统')]")元素可见成功
2024-10-25 11:38:22 - test_case_log - INFO - ('xpath', "//h2[contains(text(),'采日运维管理系统')]")元素可见成功
2024-10-25 11:38:22 - test_case_log - INFO - 获取元素文本信息成功:采日运维管理系统
2024-10-25 11:38:22 - test_case_log - INFO - 获取元素文本信息成功:采日运维管理系统
2024-10-25 11:38:22 - test_case_log - INFO - Test_Case_Login_Out_01执行用例成功
2024-10-25 11:38:22 - test_case_log - INFO - Test_Case_Login_Out_01执行用例成功
2024-10-25 11:38:22 - test_case_log - INFO - 开始登录后置
2024-10-25 11:38:22 - test_case_log - INFO - 开始登录后置
2024-10-25 11:38:22 - test_case_log - INFO - 登录后置完成
2024-10-25 11:38:22 - test_case_log - INFO - 登录后置完成
