2024-09-09 10:16:38 - test_case_log - INFO - 准备打开url:http://192.168.1.82:3322/
2024-09-09 10:16:38 - test_case_log - INFO - 打开url成功:http://192.168.1.82:3322/
2024-09-09 10:16:38 - test_case_log - INFO - 准备输入内容:admin
2024-09-09 10:16:38 - test_case_log - INFO - 等待('id', 'username')元素可见
2024-09-09 10:16:39 - test_case_log - INFO - ('id', 'username')元素可见成功
2024-09-09 10:16:40 - test_case_log - INFO - 输入内容成功:admin
2024-09-09 10:16:40 - test_case_log - INFO - 准备输入内容:sermatec2023
2024-09-09 10:16:40 - test_case_log - INFO - 等待('id', 'password')元素可见
2024-09-09 10:16:40 - test_case_log - INFO - ('id', 'password')元素可见成功
2024-09-09 10:16:40 - test_case_log - INFO - 输入内容成功:sermatec2023
2024-09-09 10:16:40 - test_case_log - INFO - 准备点击
2024-09-09 10:16:40 - test_case_log - INFO - 等待('xpath', "//*[@type='submit']")元素可见
2024-09-09 10:16:40 - test_case_log - INFO - ('xpath', "//*[@type='submit']")元素可见成功
2024-09-09 10:16:40 - test_case_log - INFO - 点击成功
2024-09-09 14:19:39 - test_case_log - INFO - 准备输入内容:admin
2024-09-09 14:19:39 - test_case_log - INFO - 等待('id', 'username')元素可见
2024-09-09 14:20:10 - test_case_log - ERROR - 等待元素可见超时
2024-09-09 14:20:10 - test_case_log - ERROR - 输入内容失败:Message: 

2024-09-09 14:20:23 - test_case_log - INFO - 准备输入内容:admin
2024-09-09 14:20:23 - test_case_log - INFO - 等待('id', 'username')元素可见
2024-09-09 14:20:54 - test_case_log - ERROR - 等待元素可见超时
2024-09-09 14:20:54 - test_case_log - ERROR - 输入内容失败:Message: 

2024-09-09 14:21:31 - test_case_log - INFO - 准备输入内容:admin
2024-09-09 14:21:31 - test_case_log - INFO - 等待('id', 'username')元素可见
2024-09-09 14:21:32 - test_case_log - INFO - ('id', 'username')元素可见成功
2024-09-09 14:21:32 - test_case_log - INFO - 输入内容成功:admin
2024-09-09 14:21:32 - test_case_log - INFO - 准备输入内容:sermatec2023
2024-09-09 14:21:32 - test_case_log - INFO - 等待('id', 'password')元素可见
2024-09-09 14:21:32 - test_case_log - INFO - ('id', 'password')元素可见成功
2024-09-09 14:21:32 - test_case_log - INFO - 输入内容成功:sermatec2023
2024-09-09 14:21:32 - test_case_log - INFO - 准备点击
2024-09-09 14:21:32 - test_case_log - INFO - 等待('xpath', "//*[@type='submit']")元素可见
2024-09-09 14:21:32 - test_case_log - INFO - ('xpath', "//*[@type='submit']")元素可见成功
2024-09-09 14:21:32 - test_case_log - INFO - 点击成功
2024-09-09 14:22:16 - test_case_log - INFO - 准备输入内容:admin
2024-09-09 14:22:16 - test_case_log - INFO - 等待('id', 'username')元素可见
2024-09-09 14:22:16 - test_case_log - INFO - ('id', 'username')元素可见成功
2024-09-09 14:22:17 - test_case_log - INFO - 输入内容成功:admin
2024-09-09 14:22:17 - test_case_log - INFO - 准备输入内容:sermatec2023
2024-09-09 14:22:17 - test_case_log - INFO - 等待('id', 'password')元素可见
2024-09-09 14:22:17 - test_case_log - INFO - ('id', 'password')元素可见成功
2024-09-09 14:22:17 - test_case_log - INFO - 输入内容成功:sermatec2023
2024-09-09 14:22:17 - test_case_log - INFO - 准备点击
2024-09-09 14:22:17 - test_case_log - INFO - 等待('xpath', "//*[@type='submit']")元素可见
2024-09-09 14:22:17 - test_case_log - INFO - ('xpath', "//*[@type='submit']")元素可见成功
2024-09-09 14:22:17 - test_case_log - INFO - 点击成功
2024-09-09 15:16:46 - test_case_log - INFO - 准备输入内容:admin
2024-09-09 15:16:46 - test_case_log - INFO - 等待('id', 'username')元素可见
2024-09-09 15:16:46 - test_case_log - INFO - ('id', 'username')元素可见成功
2024-09-09 15:16:46 - test_case_log - INFO - 输入内容成功:admin
2024-09-09 15:16:46 - test_case_log - INFO - 准备输入内容:sermatec2023
2024-09-09 15:16:46 - test_case_log - INFO - 等待('id', 'password')元素可见
2024-09-09 15:16:46 - test_case_log - INFO - ('id', 'password')元素可见成功
2024-09-09 15:16:46 - test_case_log - INFO - 输入内容成功:sermatec2023
2024-09-09 15:16:46 - test_case_log - INFO - 准备点击
2024-09-09 15:16:46 - test_case_log - INFO - 等待('xpath', "//*[@type='submit']")元素可见
2024-09-09 15:16:46 - test_case_log - INFO - ('xpath', "//*[@type='submit']")元素可见成功
2024-09-09 15:16:46 - test_case_log - INFO - 点击成功
2024-09-09 16:20:06 - test_case_log - INFO - 准备输入内容:admin
2024-09-09 16:20:06 - test_case_log - INFO - 准备输入内容:admin
2024-09-09 16:20:06 - test_case_log - INFO - 等待('id', 'username')元素可见
2024-09-09 16:20:06 - test_case_log - INFO - 等待('id', 'username')元素可见
2024-09-09 16:20:06 - test_case_log - INFO - ('id', 'username')元素可见成功
2024-09-09 16:20:06 - test_case_log - INFO - ('id', 'username')元素可见成功
2024-09-09 16:20:06 - test_case_log - INFO - 输入内容成功:admin
2024-09-09 16:20:06 - test_case_log - INFO - 输入内容成功:admin
2024-09-09 16:20:06 - test_case_log - INFO - 准备输入内容:sermatec2023
2024-09-09 16:20:06 - test_case_log - INFO - 准备输入内容:sermatec2023
2024-09-09 16:20:06 - test_case_log - INFO - 等待('id', 'password')元素可见
2024-09-09 16:20:06 - test_case_log - INFO - 等待('id', 'password')元素可见
2024-09-09 16:20:06 - test_case_log - INFO - ('id', 'password')元素可见成功
2024-09-09 16:20:06 - test_case_log - INFO - ('id', 'password')元素可见成功
2024-09-09 16:20:06 - test_case_log - INFO - 输入内容成功:sermatec2023
2024-09-09 16:20:06 - test_case_log - INFO - 输入内容成功:sermatec2023
2024-09-09 16:20:06 - test_case_log - INFO - 准备点击
2024-09-09 16:20:06 - test_case_log - INFO - 准备点击
2024-09-09 16:20:06 - test_case_log - INFO - 等待('xpath', "//*[@type='submit']")元素可见
2024-09-09 16:20:06 - test_case_log - INFO - 等待('xpath', "//*[@type='submit']")元素可见
2024-09-09 16:20:06 - test_case_log - INFO - ('xpath', "//*[@type='submit']")元素可见成功
2024-09-09 16:20:06 - test_case_log - INFO - ('xpath', "//*[@type='submit']")元素可见成功
2024-09-09 16:20:06 - test_case_log - INFO - 点击成功
2024-09-09 16:20:06 - test_case_log - INFO - 点击成功
2024-09-09 16:33:47 - test_case_log - INFO - 开始登录前置
2024-09-09 16:33:47 - test_case_log - INFO - 开始登录前置
2024-09-09 16:33:49 - test_case_log - INFO - 准备输入内容:admin
2024-09-09 16:33:49 - test_case_log - INFO - 准备输入内容:admin
2024-09-09 16:33:49 - test_case_log - INFO - 准备输入内容:admin
2024-09-09 16:33:49 - test_case_log - INFO - 等待('id', 'username')元素可见
2024-09-09 16:33:49 - test_case_log - INFO - 等待('id', 'username')元素可见
2024-09-09 16:33:49 - test_case_log - INFO - 等待('id', 'username')元素可见
2024-09-09 16:33:49 - test_case_log - INFO - ('id', 'username')元素可见成功
2024-09-09 16:33:49 - test_case_log - INFO - ('id', 'username')元素可见成功
2024-09-09 16:33:49 - test_case_log - INFO - ('id', 'username')元素可见成功
2024-09-09 16:33:50 - test_case_log - INFO - 输入内容成功:admin
2024-09-09 16:33:50 - test_case_log - INFO - 输入内容成功:admin
2024-09-09 16:33:50 - test_case_log - INFO - 输入内容成功:admin
2024-09-09 16:33:50 - test_case_log - INFO - 准备输入内容:sermatec2023
2024-09-09 16:33:50 - test_case_log - INFO - 准备输入内容:sermatec2023
2024-09-09 16:33:50 - test_case_log - INFO - 准备输入内容:sermatec2023
2024-09-09 16:33:50 - test_case_log - INFO - 等待('id', 'password')元素可见
2024-09-09 16:33:50 - test_case_log - INFO - 等待('id', 'password')元素可见
2024-09-09 16:33:50 - test_case_log - INFO - 等待('id', 'password')元素可见
2024-09-09 16:33:50 - test_case_log - INFO - ('id', 'password')元素可见成功
2024-09-09 16:33:50 - test_case_log - INFO - ('id', 'password')元素可见成功
2024-09-09 16:33:50 - test_case_log - INFO - ('id', 'password')元素可见成功
2024-09-09 16:33:50 - test_case_log - INFO - 输入内容成功:sermatec2023
2024-09-09 16:33:50 - test_case_log - INFO - 输入内容成功:sermatec2023
2024-09-09 16:33:50 - test_case_log - INFO - 输入内容成功:sermatec2023
2024-09-09 16:33:50 - test_case_log - INFO - 准备点击
2024-09-09 16:33:50 - test_case_log - INFO - 准备点击
2024-09-09 16:33:50 - test_case_log - INFO - 准备点击
2024-09-09 16:33:50 - test_case_log - INFO - 等待('xpath', "//*[@type='submit']")元素可见
2024-09-09 16:33:50 - test_case_log - INFO - 等待('xpath', "//*[@type='submit']")元素可见
2024-09-09 16:33:50 - test_case_log - INFO - 等待('xpath', "//*[@type='submit']")元素可见
2024-09-09 16:33:50 - test_case_log - INFO - ('xpath', "//*[@type='submit']")元素可见成功
2024-09-09 16:33:50 - test_case_log - INFO - ('xpath', "//*[@type='submit']")元素可见成功
2024-09-09 16:33:50 - test_case_log - INFO - ('xpath', "//*[@type='submit']")元素可见成功
2024-09-09 16:33:50 - test_case_log - INFO - 点击成功
2024-09-09 16:33:50 - test_case_log - INFO - 点击成功
2024-09-09 16:33:50 - test_case_log - INFO - 点击成功
2024-09-09 16:33:50 - test_case_log - INFO - 准备获取元素文本信息
2024-09-09 16:33:50 - test_case_log - INFO - 准备获取元素文本信息
2024-09-09 16:33:50 - test_case_log - INFO - 准备获取元素文本信息
2024-09-09 16:33:50 - test_case_log - INFO - 准备获取元素文本信息
2024-09-09 16:33:50 - test_case_log - INFO - 等待('xpath', "//*[contains(text(),'采日运维管理系统')]")元素可见
2024-09-09 16:33:50 - test_case_log - INFO - 等待('xpath', "//*[contains(text(),'采日运维管理系统')]")元素可见
2024-09-09 16:33:50 - test_case_log - INFO - 等待('xpath', "//*[contains(text(),'采日运维管理系统')]")元素可见
2024-09-09 16:33:50 - test_case_log - INFO - 等待('xpath', "//*[contains(text(),'采日运维管理系统')]")元素可见
2024-09-09 16:33:50 - test_case_log - INFO - ('xpath', "//*[contains(text(),'采日运维管理系统')]")元素可见成功
2024-09-09 16:33:50 - test_case_log - INFO - ('xpath', "//*[contains(text(),'采日运维管理系统')]")元素可见成功
2024-09-09 16:33:50 - test_case_log - INFO - ('xpath', "//*[contains(text(),'采日运维管理系统')]")元素可见成功
2024-09-09 16:33:50 - test_case_log - INFO - ('xpath', "//*[contains(text(),'采日运维管理系统')]")元素可见成功
2024-09-09 16:33:50 - test_case_log - INFO - 获取元素文本信息成功:采日运维管理系统
2024-09-09 16:33:50 - test_case_log - INFO - 获取元素文本信息成功:采日运维管理系统
2024-09-09 16:33:50 - test_case_log - INFO - 获取元素文本信息成功:采日运维管理系统
2024-09-09 16:33:50 - test_case_log - INFO - 获取元素文本信息成功:采日运维管理系统
2024-09-09 16:33:50 - test_case_log - INFO - 前置登录成功
2024-09-09 16:33:50 - test_case_log - INFO - 前置登录成功
2024-09-09 16:33:50 - test_case_log - INFO - 前置登录成功
2024-09-09 16:33:50 - test_case_log - INFO - 前置登录成功
2024-09-09 16:33:50 - test_case_log - INFO - 前置登录成功
2024-09-09 16:33:53 - test_case_log - INFO - 开始登录后置
2024-09-09 16:33:53 - test_case_log - INFO - 开始登录后置
2024-09-09 16:33:53 - test_case_log - INFO - 开始登录后置
2024-09-09 16:33:53 - test_case_log - INFO - 开始登录后置
2024-09-09 16:33:53 - test_case_log - INFO - 开始登录后置
2024-09-09 16:33:53 - test_case_log - INFO - 开始登录后置
2024-09-09 16:33:53 - test_case_log - INFO - 登录后置完成
2024-09-09 16:33:53 - test_case_log - INFO - 登录后置完成
2024-09-09 16:33:53 - test_case_log - INFO - 登录后置完成
2024-09-09 16:33:53 - test_case_log - INFO - 登录后置完成
2024-09-09 16:33:53 - test_case_log - INFO - 登录后置完成
2024-09-09 16:33:53 - test_case_log - INFO - 登录后置完成
2024-09-09 16:33:53 - test_case_log - INFO - 登录后置完成
2024-09-09 16:44:36 - test_case_log - INFO - TestLogin开始执行用例
2024-09-09 16:44:36 - test_case_log - INFO - 准备输入内容:admin
2024-09-09 16:44:36 - test_case_log - INFO - 准备输入内容:admin
2024-09-09 16:44:36 - test_case_log - INFO - 等待('id', 'username')元素可见
2024-09-09 16:44:36 - test_case_log - INFO - 等待('id', 'username')元素可见
2024-09-09 16:45:06 - test_case_log - ERROR - 等待元素可见超时
2024-09-09 16:45:06 - test_case_log - ERROR - 等待元素可见超时
2024-09-09 16:45:06 - test_case_log - ERROR - 输入内容失败:Message: 

2024-09-09 16:45:06 - test_case_log - ERROR - 输入内容失败:Message: 

2024-09-09 16:46:15 - test_case_log - INFO - TestLogin开始执行用例
2024-09-09 16:46:15 - test_case_log - INFO - 准备输入内容:admin
2024-09-09 16:46:15 - test_case_log - INFO - 准备输入内容:admin
2024-09-09 16:46:15 - test_case_log - INFO - 等待('id', 'username')元素可见
2024-09-09 16:46:15 - test_case_log - INFO - 等待('id', 'username')元素可见
2024-09-09 16:46:17 - test_case_log - INFO - ('id', 'username')元素可见成功
2024-09-09 16:46:17 - test_case_log - INFO - ('id', 'username')元素可见成功
2024-09-09 16:46:17 - test_case_log - INFO - 输入内容成功:admin
2024-09-09 16:46:17 - test_case_log - INFO - 输入内容成功:admin
2024-09-09 16:46:17 - test_case_log - INFO - 准备输入内容:sermatec2023
2024-09-09 16:46:17 - test_case_log - INFO - 准备输入内容:sermatec2023
2024-09-09 16:46:17 - test_case_log - INFO - 等待('id', 'password')元素可见
2024-09-09 16:46:17 - test_case_log - INFO - 等待('id', 'password')元素可见
2024-09-09 16:46:17 - test_case_log - INFO - ('id', 'password')元素可见成功
2024-09-09 16:46:17 - test_case_log - INFO - ('id', 'password')元素可见成功
2024-09-09 16:46:17 - test_case_log - INFO - 输入内容成功:sermatec2023
2024-09-09 16:46:17 - test_case_log - INFO - 输入内容成功:sermatec2023
2024-09-09 16:46:17 - test_case_log - INFO - 准备点击
2024-09-09 16:46:17 - test_case_log - INFO - 准备点击
2024-09-09 16:46:17 - test_case_log - INFO - 等待('xpath', "//*[@type='submit']")元素可见
2024-09-09 16:46:17 - test_case_log - INFO - 等待('xpath', "//*[@type='submit']")元素可见
2024-09-09 16:46:17 - test_case_log - INFO - ('xpath', "//*[@type='submit']")元素可见成功
2024-09-09 16:46:17 - test_case_log - INFO - ('xpath', "//*[@type='submit']")元素可见成功
2024-09-09 16:46:17 - test_case_log - INFO - 点击成功
2024-09-09 16:46:17 - test_case_log - INFO - 点击成功
2024-09-09 16:46:17 - test_case_log - INFO - 准备获取元素文本信息
2024-09-09 16:46:17 - test_case_log - INFO - 准备获取元素文本信息
2024-09-09 16:46:17 - test_case_log - INFO - 等待('xpath', "//*[contains(text(),'采日运维管理系统')]")元素可见
2024-09-09 16:46:17 - test_case_log - INFO - 等待('xpath', "//*[contains(text(),'采日运维管理系统')]")元素可见
2024-09-09 16:46:17 - test_case_log - INFO - ('xpath', "//*[contains(text(),'采日运维管理系统')]")元素可见成功
2024-09-09 16:46:17 - test_case_log - INFO - ('xpath', "//*[contains(text(),'采日运维管理系统')]")元素可见成功
2024-09-09 16:46:17 - test_case_log - INFO - 获取元素文本信息成功:采日运维管理系统
2024-09-09 16:46:17 - test_case_log - INFO - 获取元素文本信息成功:采日运维管理系统
2024-09-09 16:47:47 - test_case_log - INFO - TestLogin开始执行用例
2024-09-09 16:47:47 - test_case_log - INFO - 准备输入内容:admin
2024-09-09 16:47:47 - test_case_log - INFO - 准备输入内容:admin
2024-09-09 16:47:47 - test_case_log - INFO - 等待('id', 'username')元素可见
2024-09-09 16:47:47 - test_case_log - INFO - 等待('id', 'username')元素可见
2024-09-09 16:47:48 - test_case_log - INFO - ('id', 'username')元素可见成功
2024-09-09 16:47:48 - test_case_log - INFO - ('id', 'username')元素可见成功
2024-09-09 16:47:48 - test_case_log - INFO - 输入内容成功:admin
2024-09-09 16:47:48 - test_case_log - INFO - 输入内容成功:admin
2024-09-09 16:47:49 - test_case_log - INFO - 准备输入内容:sermatec2023
2024-09-09 16:47:49 - test_case_log - INFO - 准备输入内容:sermatec2023
2024-09-09 16:47:49 - test_case_log - INFO - 等待('id', 'password')元素可见
2024-09-09 16:47:49 - test_case_log - INFO - 等待('id', 'password')元素可见
2024-09-09 16:47:49 - test_case_log - INFO - ('id', 'password')元素可见成功
2024-09-09 16:47:49 - test_case_log - INFO - ('id', 'password')元素可见成功
2024-09-09 16:47:49 - test_case_log - INFO - 输入内容成功:sermatec2023
2024-09-09 16:47:49 - test_case_log - INFO - 输入内容成功:sermatec2023
2024-09-09 16:47:49 - test_case_log - INFO - 准备点击
2024-09-09 16:47:49 - test_case_log - INFO - 准备点击
2024-09-09 16:47:49 - test_case_log - INFO - 等待('xpath', "//*[@type='submit']")元素可见
2024-09-09 16:47:49 - test_case_log - INFO - 等待('xpath', "//*[@type='submit']")元素可见
2024-09-09 16:47:49 - test_case_log - INFO - ('xpath', "//*[@type='submit']")元素可见成功
2024-09-09 16:47:49 - test_case_log - INFO - ('xpath', "//*[@type='submit']")元素可见成功
2024-09-09 16:47:49 - test_case_log - INFO - 点击成功
2024-09-09 16:47:49 - test_case_log - INFO - 点击成功
2024-09-09 16:47:49 - test_case_log - INFO - 准备获取元素文本信息
2024-09-09 16:47:49 - test_case_log - INFO - 准备获取元素文本信息
2024-09-09 16:47:49 - test_case_log - INFO - 等待('xpath', "//*[contains(text(),'采日运维管理系统')]")元素可见
2024-09-09 16:47:49 - test_case_log - INFO - 等待('xpath', "//*[contains(text(),'采日运维管理系统')]")元素可见
2024-09-09 16:47:49 - test_case_log - INFO - ('xpath', "//*[contains(text(),'采日运维管理系统')]")元素可见成功
2024-09-09 16:47:49 - test_case_log - INFO - ('xpath', "//*[contains(text(),'采日运维管理系统')]")元素可见成功
2024-09-09 16:47:49 - test_case_log - INFO - 获取元素文本信息成功:采日运维管理系统
2024-09-09 16:47:49 - test_case_log - INFO - 获取元素文本信息成功:采日运维管理系统
2024-09-09 16:47:49 - test_case_log - INFO - TestLogin执行用例成功
2024-09-09 16:47:49 - test_case_log - INFO - TestLogin执行用例成功
2024-09-09 16:47:49 - test_case_log - INFO - TestLogin执行用例成功
2024-09-09 16:47:49 - test_case_log - INFO - 准备截图:None
2024-09-09 16:47:49 - test_case_log - INFO - 准备截图:None
2024-09-09 16:47:49 - test_case_log - INFO - 准备截图:None
2024-09-09 16:47:49 - test_case_log - INFO - 截图成功:../output/screenshots/20240909164749.png
2024-09-09 16:47:49 - test_case_log - INFO - 截图成功:../output/screenshots/20240909164749.png
2024-09-09 16:47:49 - test_case_log - INFO - 截图成功:../output/screenshots/20240909164749.png
2024-09-09 17:28:35 - test_case_log - INFO - TestLogin开始执行用例
2024-09-09 17:28:36 - test_case_log - INFO - 准备输入内容:admin
2024-09-09 17:28:36 - test_case_log - INFO - 准备输入内容:admin
2024-09-09 17:28:36 - test_case_log - INFO - 等待('id', 'username')元素可见
2024-09-09 17:28:36 - test_case_log - INFO - 等待('id', 'username')元素可见
2024-09-09 17:28:37 - test_case_log - INFO - ('id', 'username')元素可见成功
2024-09-09 17:28:37 - test_case_log - INFO - ('id', 'username')元素可见成功
2024-09-09 17:28:37 - test_case_log - INFO - 输入内容成功:admin
2024-09-09 17:28:37 - test_case_log - INFO - 输入内容成功:admin
2024-09-09 17:28:37 - test_case_log - INFO - 准备输入内容:sermatec2023
2024-09-09 17:28:37 - test_case_log - INFO - 准备输入内容:sermatec2023
2024-09-09 17:28:37 - test_case_log - INFO - 等待('id', 'password')元素可见
2024-09-09 17:28:37 - test_case_log - INFO - 等待('id', 'password')元素可见
2024-09-09 17:28:37 - test_case_log - INFO - ('id', 'password')元素可见成功
2024-09-09 17:28:37 - test_case_log - INFO - ('id', 'password')元素可见成功
2024-09-09 17:28:37 - test_case_log - INFO - 输入内容成功:sermatec2023
2024-09-09 17:28:37 - test_case_log - INFO - 输入内容成功:sermatec2023
2024-09-09 17:28:37 - test_case_log - INFO - 准备点击
2024-09-09 17:28:37 - test_case_log - INFO - 准备点击
2024-09-09 17:28:37 - test_case_log - INFO - 等待('xpath', "//*[@type='submit']")元素可见
2024-09-09 17:28:37 - test_case_log - INFO - 等待('xpath', "//*[@type='submit']")元素可见
2024-09-09 17:28:37 - test_case_log - INFO - ('xpath', "//*[@type='submit']")元素可见成功
2024-09-09 17:28:37 - test_case_log - INFO - ('xpath', "//*[@type='submit']")元素可见成功
2024-09-09 17:28:37 - test_case_log - INFO - 点击成功
2024-09-09 17:28:37 - test_case_log - INFO - 点击成功
2024-09-09 17:28:37 - test_case_log - INFO - 准备获取元素文本信息
2024-09-09 17:28:37 - test_case_log - INFO - 准备获取元素文本信息
2024-09-09 17:28:37 - test_case_log - INFO - 等待('xpath', "//*[contains(text(),'采日运维管理系统')]")元素可见
2024-09-09 17:28:37 - test_case_log - INFO - 等待('xpath', "//*[contains(text(),'采日运维管理系统')]")元素可见
2024-09-09 17:28:37 - test_case_log - INFO - ('xpath', "//*[contains(text(),'采日运维管理系统')]")元素可见成功
2024-09-09 17:28:37 - test_case_log - INFO - ('xpath', "//*[contains(text(),'采日运维管理系统')]")元素可见成功
2024-09-09 17:28:37 - test_case_log - INFO - 获取元素文本信息成功:采日运维管理系统
2024-09-09 17:28:37 - test_case_log - INFO - 获取元素文本信息成功:采日运维管理系统
2024-09-09 17:28:37 - test_case_log - INFO - TestLogin执行用例成功
2024-09-09 17:28:37 - test_case_log - INFO - TestLogin执行用例成功
2024-09-09 17:28:37 - test_case_log - INFO - TestLogin执行用例成功
2024-09-09 17:28:37 - test_case_log - INFO - 准备截图:None
2024-09-09 17:28:37 - test_case_log - INFO - 准备截图:None
2024-09-09 17:28:37 - test_case_log - INFO - 准备截图:None
2024-09-09 17:28:37 - test_case_log - INFO - 截图成功:../output/screenshots/20240909172837.png
2024-09-09 17:28:37 - test_case_log - INFO - 截图成功:../output/screenshots/20240909172837.png
2024-09-09 17:28:37 - test_case_log - INFO - 截图成功:../output/screenshots/20240909172837.png
2024-09-09 17:29:47 - test_case_log - INFO - TestLogin开始执行用例
2024-09-09 17:29:48 - test_case_log - INFO - 准备输入内容:admin
2024-09-09 17:29:48 - test_case_log - INFO - 准备输入内容:admin
2024-09-09 17:29:48 - test_case_log - INFO - 等待('id', 'username')元素可见
2024-09-09 17:29:48 - test_case_log - INFO - 等待('id', 'username')元素可见
2024-09-09 17:29:49 - test_case_log - INFO - ('id', 'username')元素可见成功
2024-09-09 17:29:49 - test_case_log - INFO - ('id', 'username')元素可见成功
2024-09-09 17:29:49 - test_case_log - INFO - 输入内容成功:admin
2024-09-09 17:29:49 - test_case_log - INFO - 输入内容成功:admin
2024-09-09 17:29:49 - test_case_log - INFO - 准备输入内容:sermatec2023
2024-09-09 17:29:49 - test_case_log - INFO - 准备输入内容:sermatec2023
2024-09-09 17:29:49 - test_case_log - INFO - 等待('id', 'password')元素可见
2024-09-09 17:29:49 - test_case_log - INFO - 等待('id', 'password')元素可见
2024-09-09 17:29:49 - test_case_log - INFO - ('id', 'password')元素可见成功
2024-09-09 17:29:49 - test_case_log - INFO - ('id', 'password')元素可见成功
2024-09-09 17:29:49 - test_case_log - INFO - 输入内容成功:sermatec2023
2024-09-09 17:29:49 - test_case_log - INFO - 输入内容成功:sermatec2023
2024-09-09 17:29:49 - test_case_log - INFO - 准备点击
2024-09-09 17:29:49 - test_case_log - INFO - 准备点击
2024-09-09 17:29:49 - test_case_log - INFO - 等待('xpath', "//*[@type='submit']")元素可见
2024-09-09 17:29:49 - test_case_log - INFO - 等待('xpath', "//*[@type='submit']")元素可见
2024-09-09 17:29:49 - test_case_log - INFO - ('xpath', "//*[@type='submit']")元素可见成功
2024-09-09 17:29:49 - test_case_log - INFO - ('xpath', "//*[@type='submit']")元素可见成功
2024-09-09 17:29:49 - test_case_log - INFO - 点击成功
2024-09-09 17:29:49 - test_case_log - INFO - 点击成功
2024-09-09 17:29:49 - test_case_log - INFO - 准备获取元素文本信息
2024-09-09 17:29:49 - test_case_log - INFO - 准备获取元素文本信息
2024-09-09 17:29:49 - test_case_log - INFO - 等待('xpath', "//*[contains(text(),'采日运维管理系统')]")元素可见
2024-09-09 17:29:49 - test_case_log - INFO - 等待('xpath', "//*[contains(text(),'采日运维管理系统')]")元素可见
2024-09-09 17:29:49 - test_case_log - INFO - ('xpath', "//*[contains(text(),'采日运维管理系统')]")元素可见成功
2024-09-09 17:29:49 - test_case_log - INFO - ('xpath', "//*[contains(text(),'采日运维管理系统')]")元素可见成功
2024-09-09 17:29:49 - test_case_log - INFO - 获取元素文本信息成功:采日运维管理系统
2024-09-09 17:29:49 - test_case_log - INFO - 获取元素文本信息成功:采日运维管理系统
2024-09-09 17:29:49 - test_case_log - INFO - TestLogin执行用例成功
2024-09-09 17:29:49 - test_case_log - INFO - TestLogin执行用例成功
2024-09-09 17:29:49 - test_case_log - INFO - TestLogin执行用例成功
2024-09-09 17:29:49 - test_case_log - INFO - 准备截图:None
2024-09-09 17:29:49 - test_case_log - INFO - 准备截图:None
2024-09-09 17:29:49 - test_case_log - INFO - 准备截图:None
2024-09-09 17:29:50 - test_case_log - INFO - 截图成功:../output/screenshots/20240909172949.png
2024-09-09 17:29:50 - test_case_log - INFO - 截图成功:../output/screenshots/20240909172949.png
2024-09-09 17:29:50 - test_case_log - INFO - 截图成功:../output/screenshots/20240909172949.png
2024-09-09 17:32:55 - test_case_log - INFO - TestLogin开始执行用例
2024-09-09 17:32:56 - test_case_log - INFO - 准备输入内容:admin
2024-09-09 17:32:56 - test_case_log - INFO - 准备输入内容:admin
2024-09-09 17:32:56 - test_case_log - INFO - 等待('id', 'username')元素可见
2024-09-09 17:32:56 - test_case_log - INFO - 等待('id', 'username')元素可见
2024-09-09 17:32:57 - test_case_log - INFO - ('id', 'username')元素可见成功
2024-09-09 17:32:57 - test_case_log - INFO - ('id', 'username')元素可见成功
2024-09-09 17:32:57 - test_case_log - INFO - 输入内容成功:admin
2024-09-09 17:32:57 - test_case_log - INFO - 输入内容成功:admin
2024-09-09 17:32:57 - test_case_log - INFO - 准备输入内容:sermatec2023
2024-09-09 17:32:57 - test_case_log - INFO - 准备输入内容:sermatec2023
2024-09-09 17:32:57 - test_case_log - INFO - 等待('id', 'password')元素可见
2024-09-09 17:32:57 - test_case_log - INFO - 等待('id', 'password')元素可见
2024-09-09 17:32:57 - test_case_log - INFO - ('id', 'password')元素可见成功
2024-09-09 17:32:57 - test_case_log - INFO - ('id', 'password')元素可见成功
2024-09-09 17:32:57 - test_case_log - INFO - 输入内容成功:sermatec2023
2024-09-09 17:32:57 - test_case_log - INFO - 输入内容成功:sermatec2023
2024-09-09 17:32:57 - test_case_log - INFO - 准备点击
2024-09-09 17:32:57 - test_case_log - INFO - 准备点击
2024-09-09 17:32:57 - test_case_log - INFO - 等待('xpath', "//*[@type='submit']")元素可见
2024-09-09 17:32:57 - test_case_log - INFO - 等待('xpath', "//*[@type='submit']")元素可见
2024-09-09 17:32:57 - test_case_log - INFO - ('xpath', "//*[@type='submit']")元素可见成功
2024-09-09 17:32:57 - test_case_log - INFO - ('xpath', "//*[@type='submit']")元素可见成功
2024-09-09 17:32:57 - test_case_log - INFO - 点击成功
2024-09-09 17:32:57 - test_case_log - INFO - 点击成功
2024-09-09 17:32:57 - test_case_log - INFO - 准备获取元素文本信息
2024-09-09 17:32:57 - test_case_log - INFO - 准备获取元素文本信息
2024-09-09 17:32:57 - test_case_log - INFO - 等待('xpath', "//*[contains(text(),'采日运维管理系统')]")元素可见
2024-09-09 17:32:57 - test_case_log - INFO - 等待('xpath', "//*[contains(text(),'采日运维管理系统')]")元素可见
2024-09-09 17:32:57 - test_case_log - INFO - ('xpath', "//*[contains(text(),'采日运维管理系统')]")元素可见成功
2024-09-09 17:32:57 - test_case_log - INFO - ('xpath', "//*[contains(text(),'采日运维管理系统')]")元素可见成功
2024-09-09 17:32:57 - test_case_log - INFO - 获取元素文本信息成功:采日运维管理系统
2024-09-09 17:32:57 - test_case_log - INFO - 获取元素文本信息成功:采日运维管理系统
2024-09-09 17:32:57 - test_case_log - INFO - TestLogin执行用例成功
2024-09-09 17:32:57 - test_case_log - INFO - TestLogin执行用例成功
2024-09-09 17:32:57 - test_case_log - INFO - TestLogin执行用例成功
2024-09-09 17:32:57 - test_case_log - INFO - 准备截图:None
2024-09-09 17:32:57 - test_case_log - INFO - 准备截图:None
2024-09-09 17:32:57 - test_case_log - INFO - 准备截图:None
2024-09-09 17:32:58 - test_case_log - INFO - 截图成功:../output/screenshots/20240909173257.png
2024-09-09 17:32:58 - test_case_log - INFO - 截图成功:../output/screenshots/20240909173257.png
2024-09-09 17:32:58 - test_case_log - INFO - 截图成功:../output/screenshots/20240909173257.png
2024-09-09 17:34:53 - test_case_log - INFO - TestLogin开始执行用例
2024-09-09 17:34:54 - test_case_log - INFO - 准备输入内容:admin
2024-09-09 17:34:54 - test_case_log - INFO - 准备输入内容:admin
2024-09-09 17:34:54 - test_case_log - INFO - 等待('id', 'username')元素可见
2024-09-09 17:34:54 - test_case_log - INFO - 等待('id', 'username')元素可见
2024-09-09 17:34:55 - test_case_log - INFO - ('id', 'username')元素可见成功
2024-09-09 17:34:55 - test_case_log - INFO - ('id', 'username')元素可见成功
2024-09-09 17:34:55 - test_case_log - INFO - 输入内容成功:admin
2024-09-09 17:34:55 - test_case_log - INFO - 输入内容成功:admin
2024-09-09 17:34:55 - test_case_log - INFO - 准备输入内容:sermatec2023
2024-09-09 17:34:55 - test_case_log - INFO - 准备输入内容:sermatec2023
2024-09-09 17:34:55 - test_case_log - INFO - 等待('id', 'password')元素可见
2024-09-09 17:34:55 - test_case_log - INFO - 等待('id', 'password')元素可见
2024-09-09 17:34:55 - test_case_log - INFO - ('id', 'password')元素可见成功
2024-09-09 17:34:55 - test_case_log - INFO - ('id', 'password')元素可见成功
2024-09-09 17:34:55 - test_case_log - INFO - 输入内容成功:sermatec2023
2024-09-09 17:34:55 - test_case_log - INFO - 输入内容成功:sermatec2023
2024-09-09 17:34:55 - test_case_log - INFO - 准备点击
2024-09-09 17:34:55 - test_case_log - INFO - 准备点击
2024-09-09 17:34:55 - test_case_log - INFO - 等待('xpath', "//*[@type='submit']")元素可见
2024-09-09 17:34:55 - test_case_log - INFO - 等待('xpath', "//*[@type='submit']")元素可见
2024-09-09 17:34:55 - test_case_log - INFO - ('xpath', "//*[@type='submit']")元素可见成功
2024-09-09 17:34:55 - test_case_log - INFO - ('xpath', "//*[@type='submit']")元素可见成功
2024-09-09 17:34:55 - test_case_log - INFO - 点击成功
2024-09-09 17:34:55 - test_case_log - INFO - 点击成功
2024-09-09 17:34:55 - test_case_log - INFO - 准备获取元素文本信息
2024-09-09 17:34:55 - test_case_log - INFO - 准备获取元素文本信息
2024-09-09 17:34:55 - test_case_log - INFO - 等待('xpath', "//*[contains(text(),'采日运维管理系统')]")元素可见
2024-09-09 17:34:55 - test_case_log - INFO - 等待('xpath', "//*[contains(text(),'采日运维管理系统')]")元素可见
2024-09-09 17:34:55 - test_case_log - INFO - ('xpath', "//*[contains(text(),'采日运维管理系统')]")元素可见成功
2024-09-09 17:34:55 - test_case_log - INFO - ('xpath', "//*[contains(text(),'采日运维管理系统')]")元素可见成功
2024-09-09 17:34:55 - test_case_log - INFO - 获取元素文本信息成功:采日运维管理系统
2024-09-09 17:34:55 - test_case_log - INFO - 获取元素文本信息成功:采日运维管理系统
2024-09-09 17:34:55 - test_case_log - INFO - TestLogin执行用例成功
2024-09-09 17:34:55 - test_case_log - INFO - TestLogin执行用例成功
2024-09-09 17:34:55 - test_case_log - INFO - TestLogin执行用例成功
2024-09-09 17:34:55 - test_case_log - INFO - 准备截图:None
2024-09-09 17:34:55 - test_case_log - INFO - 准备截图:None
2024-09-09 17:34:55 - test_case_log - INFO - 准备截图:None
2024-09-09 17:34:55 - test_case_log - ERROR - TestLogin执行用例失败
2024-09-09 17:34:55 - test_case_log - ERROR - TestLogin执行用例失败
2024-09-09 17:34:55 - test_case_log - ERROR - TestLogin执行用例失败
2024-09-09 17:34:55 - test_case_log - ERROR - TestLogin执行用例失败
2024-09-09 17:34:55 - test_case_log - INFO - 准备截图:None
2024-09-09 17:34:55 - test_case_log - INFO - 准备截图:None
2024-09-09 17:34:55 - test_case_log - INFO - 准备截图:None
2024-09-09 17:34:55 - test_case_log - INFO - 准备截图:None
2024-09-09 17:39:22 - test_case_log - INFO - TestLogin开始执行用例
2024-09-09 17:39:23 - test_case_log - INFO - 准备输入内容:admin
2024-09-09 17:39:23 - test_case_log - INFO - 准备输入内容:admin
2024-09-09 17:39:23 - test_case_log - INFO - 等待('id', 'username')元素可见
2024-09-09 17:39:23 - test_case_log - INFO - 等待('id', 'username')元素可见
2024-09-09 17:39:25 - test_case_log - INFO - ('id', 'username')元素可见成功
2024-09-09 17:39:25 - test_case_log - INFO - ('id', 'username')元素可见成功
2024-09-09 17:39:25 - test_case_log - INFO - 输入内容成功:admin
2024-09-09 17:39:25 - test_case_log - INFO - 输入内容成功:admin
2024-09-09 17:39:25 - test_case_log - INFO - 准备输入内容:sermatec2023
2024-09-09 17:39:25 - test_case_log - INFO - 准备输入内容:sermatec2023
2024-09-09 17:39:25 - test_case_log - INFO - 等待('id', 'password')元素可见
2024-09-09 17:39:25 - test_case_log - INFO - 等待('id', 'password')元素可见
2024-09-09 17:39:25 - test_case_log - INFO - ('id', 'password')元素可见成功
2024-09-09 17:39:25 - test_case_log - INFO - ('id', 'password')元素可见成功
2024-09-09 17:39:25 - test_case_log - INFO - 输入内容成功:sermatec2023
2024-09-09 17:39:25 - test_case_log - INFO - 输入内容成功:sermatec2023
2024-09-09 17:39:25 - test_case_log - INFO - 准备点击
2024-09-09 17:39:25 - test_case_log - INFO - 准备点击
2024-09-09 17:39:25 - test_case_log - INFO - 等待('xpath', "//*[@type='submit']")元素可见
2024-09-09 17:39:25 - test_case_log - INFO - 等待('xpath', "//*[@type='submit']")元素可见
2024-09-09 17:39:25 - test_case_log - INFO - ('xpath', "//*[@type='submit']")元素可见成功
2024-09-09 17:39:25 - test_case_log - INFO - ('xpath', "//*[@type='submit']")元素可见成功
2024-09-09 17:39:25 - test_case_log - INFO - 点击成功
2024-09-09 17:39:25 - test_case_log - INFO - 点击成功
2024-09-09 17:39:25 - test_case_log - INFO - 准备获取元素文本信息
2024-09-09 17:39:25 - test_case_log - INFO - 准备获取元素文本信息
2024-09-09 17:39:25 - test_case_log - INFO - 等待('xpath', "//*[contains(text(),'采日运维管理系统')]")元素可见
2024-09-09 17:39:25 - test_case_log - INFO - 等待('xpath', "//*[contains(text(),'采日运维管理系统')]")元素可见
2024-09-09 17:39:25 - test_case_log - INFO - ('xpath', "//*[contains(text(),'采日运维管理系统')]")元素可见成功
2024-09-09 17:39:25 - test_case_log - INFO - ('xpath', "//*[contains(text(),'采日运维管理系统')]")元素可见成功
2024-09-09 17:39:25 - test_case_log - INFO - 获取元素文本信息成功:采日运维管理系统
2024-09-09 17:39:25 - test_case_log - INFO - 获取元素文本信息成功:采日运维管理系统
2024-09-09 17:39:25 - test_case_log - INFO - TestLogin执行用例成功
2024-09-09 17:39:25 - test_case_log - INFO - TestLogin执行用例成功
2024-09-09 17:39:25 - test_case_log - INFO - TestLogin执行用例成功
2024-09-09 17:39:25 - test_case_log - INFO - 准备截图:None
2024-09-09 17:39:25 - test_case_log - INFO - 准备截图:None
2024-09-09 17:39:25 - test_case_log - INFO - 准备截图:None
2024-09-09 17:39:26 - test_case_log - INFO - 截图成功:../output/screenshots/20240909173925.png
2024-09-09 17:39:26 - test_case_log - INFO - 截图成功:../output/screenshots/20240909173925.png
2024-09-09 17:39:26 - test_case_log - INFO - 截图成功:../output/screenshots/20240909173925.png
2024-09-09 17:42:20 - test_case_log - INFO - TestLogin开始执行用例
2024-09-09 17:42:27 - test_case_log - INFO - 准备输入内容:admin
2024-09-09 17:42:27 - test_case_log - INFO - 准备输入内容:admin
2024-09-09 17:42:27 - test_case_log - INFO - 等待('id', 'username')元素可见
2024-09-09 17:42:27 - test_case_log - INFO - 等待('id', 'username')元素可见
2024-09-09 17:42:28 - test_case_log - INFO - ('id', 'username')元素可见成功
2024-09-09 17:42:28 - test_case_log - INFO - ('id', 'username')元素可见成功
2024-09-09 17:42:28 - test_case_log - INFO - 输入内容成功:admin
2024-09-09 17:42:28 - test_case_log - INFO - 输入内容成功:admin
2024-09-09 17:42:28 - test_case_log - INFO - 准备输入内容:sermatec2023
2024-09-09 17:42:28 - test_case_log - INFO - 准备输入内容:sermatec2023
2024-09-09 17:42:28 - test_case_log - INFO - 等待('id', 'password')元素可见
2024-09-09 17:42:28 - test_case_log - INFO - 等待('id', 'password')元素可见
2024-09-09 17:42:28 - test_case_log - INFO - ('id', 'password')元素可见成功
2024-09-09 17:42:28 - test_case_log - INFO - ('id', 'password')元素可见成功
2024-09-09 17:42:28 - test_case_log - INFO - 输入内容成功:sermatec2023
2024-09-09 17:42:28 - test_case_log - INFO - 输入内容成功:sermatec2023
2024-09-09 17:42:28 - test_case_log - INFO - 准备点击
2024-09-09 17:42:28 - test_case_log - INFO - 准备点击
2024-09-09 17:42:28 - test_case_log - INFO - 等待('xpath', "//*[@type='submit']")元素可见
2024-09-09 17:42:28 - test_case_log - INFO - 等待('xpath', "//*[@type='submit']")元素可见
2024-09-09 17:42:28 - test_case_log - INFO - ('xpath', "//*[@type='submit']")元素可见成功
2024-09-09 17:42:28 - test_case_log - INFO - ('xpath', "//*[@type='submit']")元素可见成功
2024-09-09 17:42:28 - test_case_log - INFO - 点击成功
2024-09-09 17:42:28 - test_case_log - INFO - 点击成功
2024-09-09 17:42:35 - test_case_log - INFO - 准备获取元素文本信息
2024-09-09 17:42:35 - test_case_log - INFO - 准备获取元素文本信息
2024-09-09 17:42:35 - test_case_log - INFO - 等待('xpath', "//*[contains(text(),'采日运维管理系统')]")元素可见
2024-09-09 17:42:35 - test_case_log - INFO - 等待('xpath', "//*[contains(text(),'采日运维管理系统')]")元素可见
2024-09-09 17:43:06 - test_case_log - ERROR - 等待元素可见超时
2024-09-09 17:43:06 - test_case_log - ERROR - 等待元素可见超时
2024-09-09 17:43:06 - test_case_log - ERROR - 获取元素文本信息失败:Message: 

2024-09-09 17:43:06 - test_case_log - ERROR - 获取元素文本信息失败:Message: 

2024-09-09 17:44:04 - test_case_log - INFO - TestLogin开始执行用例
2024-09-09 17:44:05 - test_case_log - INFO - 准备输入内容:admin
2024-09-09 17:44:05 - test_case_log - INFO - 准备输入内容:admin
2024-09-09 17:44:05 - test_case_log - INFO - 等待('id', 'username')元素可见
2024-09-09 17:44:05 - test_case_log - INFO - 等待('id', 'username')元素可见
2024-09-09 17:44:06 - test_case_log - INFO - ('id', 'username')元素可见成功
2024-09-09 17:44:06 - test_case_log - INFO - ('id', 'username')元素可见成功
2024-09-09 17:44:06 - test_case_log - INFO - 输入内容成功:admin
2024-09-09 17:44:06 - test_case_log - INFO - 输入内容成功:admin
2024-09-09 17:44:06 - test_case_log - INFO - 准备输入内容:sermatec2023
2024-09-09 17:44:06 - test_case_log - INFO - 准备输入内容:sermatec2023
2024-09-09 17:44:06 - test_case_log - INFO - 等待('id', 'password')元素可见
2024-09-09 17:44:06 - test_case_log - INFO - 等待('id', 'password')元素可见
2024-09-09 17:44:06 - test_case_log - INFO - ('id', 'password')元素可见成功
2024-09-09 17:44:06 - test_case_log - INFO - ('id', 'password')元素可见成功
2024-09-09 17:44:07 - test_case_log - INFO - 输入内容成功:sermatec2023
2024-09-09 17:44:07 - test_case_log - INFO - 输入内容成功:sermatec2023
2024-09-09 17:44:07 - test_case_log - INFO - 准备点击
2024-09-09 17:44:07 - test_case_log - INFO - 准备点击
2024-09-09 17:44:07 - test_case_log - INFO - 等待('xpath', "//*[@type='submit']")元素可见
2024-09-09 17:44:07 - test_case_log - INFO - 等待('xpath', "//*[@type='submit']")元素可见
2024-09-09 17:44:07 - test_case_log - INFO - ('xpath', "//*[@type='submit']")元素可见成功
2024-09-09 17:44:07 - test_case_log - INFO - ('xpath', "//*[@type='submit']")元素可见成功
2024-09-09 17:44:07 - test_case_log - INFO - 点击成功
2024-09-09 17:44:07 - test_case_log - INFO - 点击成功
2024-09-09 17:44:07 - test_case_log - INFO - 准备获取元素文本信息
2024-09-09 17:44:07 - test_case_log - INFO - 准备获取元素文本信息
2024-09-09 17:44:07 - test_case_log - INFO - 等待('xpath', "//*[contains(text(),'采日运维管理系统')]")元素可见
2024-09-09 17:44:07 - test_case_log - INFO - 等待('xpath', "//*[contains(text(),'采日运维管理系统')]")元素可见
2024-09-09 17:44:07 - test_case_log - INFO - ('xpath', "//*[contains(text(),'采日运维管理系统')]")元素可见成功
2024-09-09 17:44:07 - test_case_log - INFO - ('xpath', "//*[contains(text(),'采日运维管理系统')]")元素可见成功
2024-09-09 17:44:07 - test_case_log - INFO - 获取元素文本信息成功:采日运维管理系统
2024-09-09 17:44:07 - test_case_log - INFO - 获取元素文本信息成功:采日运维管理系统
2024-09-09 17:44:07 - test_case_log - INFO - TestLogin执行用例成功
2024-09-09 17:44:07 - test_case_log - INFO - TestLogin执行用例成功
2024-09-09 17:44:07 - test_case_log - INFO - TestLogin执行用例成功
2024-09-09 17:47:09 - test_case_log - INFO - TestLogin开始执行用例
2024-09-09 17:47:10 - test_case_log - INFO - 准备输入内容:admin
2024-09-09 17:47:10 - test_case_log - INFO - 准备输入内容:admin
2024-09-09 17:47:10 - test_case_log - INFO - 等待('id', 'username')元素可见
2024-09-09 17:47:10 - test_case_log - INFO - 等待('id', 'username')元素可见
2024-09-09 17:47:11 - test_case_log - INFO - ('id', 'username')元素可见成功
2024-09-09 17:47:11 - test_case_log - INFO - ('id', 'username')元素可见成功
2024-09-09 17:47:11 - test_case_log - INFO - 输入内容成功:admin
2024-09-09 17:47:11 - test_case_log - INFO - 输入内容成功:admin
2024-09-09 17:47:11 - test_case_log - INFO - 准备输入内容:sermatec2023
2024-09-09 17:47:11 - test_case_log - INFO - 准备输入内容:sermatec2023
2024-09-09 17:47:11 - test_case_log - INFO - 等待('id', 'password')元素可见
2024-09-09 17:47:11 - test_case_log - INFO - 等待('id', 'password')元素可见
2024-09-09 17:47:11 - test_case_log - INFO - ('id', 'password')元素可见成功
2024-09-09 17:47:11 - test_case_log - INFO - ('id', 'password')元素可见成功
2024-09-09 17:47:11 - test_case_log - INFO - 输入内容成功:sermatec2023
2024-09-09 17:47:11 - test_case_log - INFO - 输入内容成功:sermatec2023
2024-09-09 17:47:11 - test_case_log - INFO - 准备点击
2024-09-09 17:47:11 - test_case_log - INFO - 准备点击
2024-09-09 17:47:11 - test_case_log - INFO - 等待('xpath', "//*[@type='submit']")元素可见
2024-09-09 17:47:11 - test_case_log - INFO - 等待('xpath', "//*[@type='submit']")元素可见
2024-09-09 17:47:11 - test_case_log - INFO - ('xpath', "//*[@type='submit']")元素可见成功
2024-09-09 17:47:11 - test_case_log - INFO - ('xpath', "//*[@type='submit']")元素可见成功
2024-09-09 17:47:11 - test_case_log - INFO - 点击成功
2024-09-09 17:47:11 - test_case_log - INFO - 点击成功
2024-09-09 17:47:11 - test_case_log - INFO - 准备获取元素文本信息
2024-09-09 17:47:11 - test_case_log - INFO - 准备获取元素文本信息
2024-09-09 17:47:11 - test_case_log - INFO - 等待('xpath', "//*[contains(text(),'采日运维管理系统')]")元素可见
2024-09-09 17:47:11 - test_case_log - INFO - 等待('xpath', "//*[contains(text(),'采日运维管理系统')]")元素可见
2024-09-09 17:47:11 - test_case_log - INFO - ('xpath', "//*[contains(text(),'采日运维管理系统')]")元素可见成功
2024-09-09 17:47:11 - test_case_log - INFO - ('xpath', "//*[contains(text(),'采日运维管理系统')]")元素可见成功
2024-09-09 17:47:11 - test_case_log - INFO - 获取元素文本信息成功:采日运维管理系统
2024-09-09 17:47:11 - test_case_log - INFO - 获取元素文本信息成功:采日运维管理系统
2024-09-09 17:47:11 - test_case_log - INFO - TestLogin执行用例成功
2024-09-09 17:47:11 - test_case_log - INFO - TestLogin执行用例成功
2024-09-09 17:47:11 - test_case_log - INFO - TestLogin执行用例成功
2024-09-09 17:51:04 - test_case_log - INFO - 准备打开url:https://www.baidu.com
2024-09-09 17:51:04 - test_case_log - INFO - 打开url成功:https://www.baidu.com
2024-09-09 17:54:51 - test_case_log - INFO - TestLogin开始执行用例
2024-09-09 17:54:51 - test_case_log - INFO - 准备打开url:http://192.168.1.82:3322/
2024-09-09 17:54:51 - test_case_log - INFO - 准备打开url:http://192.168.1.82:3322/
2024-09-09 17:54:52 - test_case_log - INFO - 打开url成功:http://192.168.1.82:3322/
2024-09-09 17:54:52 - test_case_log - INFO - 打开url成功:http://192.168.1.82:3322/
2024-09-09 17:54:52 - test_case_log - INFO - 准备输入内容:admin
2024-09-09 17:54:52 - test_case_log - INFO - 准备输入内容:admin
2024-09-09 17:54:52 - test_case_log - INFO - 等待('id', 'username')元素可见
2024-09-09 17:54:52 - test_case_log - INFO - 等待('id', 'username')元素可见
2024-09-09 17:54:53 - test_case_log - INFO - ('id', 'username')元素可见成功
2024-09-09 17:54:53 - test_case_log - INFO - ('id', 'username')元素可见成功
2024-09-09 17:54:53 - test_case_log - INFO - 输入内容成功:admin
2024-09-09 17:54:53 - test_case_log - INFO - 输入内容成功:admin
2024-09-09 17:54:53 - test_case_log - INFO - 准备输入内容:sermatec2023
2024-09-09 17:54:53 - test_case_log - INFO - 准备输入内容:sermatec2023
2024-09-09 17:54:53 - test_case_log - INFO - 等待('id', 'password')元素可见
2024-09-09 17:54:53 - test_case_log - INFO - 等待('id', 'password')元素可见
2024-09-09 17:54:53 - test_case_log - INFO - ('id', 'password')元素可见成功
2024-09-09 17:54:53 - test_case_log - INFO - ('id', 'password')元素可见成功
2024-09-09 17:54:53 - test_case_log - INFO - 输入内容成功:sermatec2023
2024-09-09 17:54:53 - test_case_log - INFO - 输入内容成功:sermatec2023
2024-09-09 17:54:53 - test_case_log - INFO - 准备点击
2024-09-09 17:54:53 - test_case_log - INFO - 准备点击
2024-09-09 17:54:53 - test_case_log - INFO - 等待('xpath', "//*[@type='submit']")元素可见
2024-09-09 17:54:53 - test_case_log - INFO - 等待('xpath', "//*[@type='submit']")元素可见
2024-09-09 17:54:53 - test_case_log - INFO - ('xpath', "//*[@type='submit']")元素可见成功
2024-09-09 17:54:53 - test_case_log - INFO - ('xpath', "//*[@type='submit']")元素可见成功
2024-09-09 17:54:53 - test_case_log - INFO - 点击成功
2024-09-09 17:54:53 - test_case_log - INFO - 点击成功
2024-09-09 17:54:53 - test_case_log - INFO - 准备获取元素文本信息
2024-09-09 17:54:53 - test_case_log - INFO - 准备获取元素文本信息
2024-09-09 17:54:53 - test_case_log - INFO - 等待('xpath', "//*[contains(text(),'采日运维管理系统')]")元素可见
2024-09-09 17:54:53 - test_case_log - INFO - 等待('xpath', "//*[contains(text(),'采日运维管理系统')]")元素可见
2024-09-09 17:54:53 - test_case_log - INFO - ('xpath', "//*[contains(text(),'采日运维管理系统')]")元素可见成功
2024-09-09 17:54:53 - test_case_log - INFO - ('xpath', "//*[contains(text(),'采日运维管理系统')]")元素可见成功
2024-09-09 17:54:53 - test_case_log - INFO - 获取元素文本信息成功:采日运维管理系统
2024-09-09 17:54:53 - test_case_log - INFO - 获取元素文本信息成功:采日运维管理系统
2024-09-09 17:54:53 - test_case_log - INFO - TestLogin执行用例成功
2024-09-09 17:54:53 - test_case_log - INFO - TestLogin执行用例成功
2024-09-09 17:54:53 - test_case_log - INFO - TestLogin执行用例成功
2024-09-09 17:56:21 - test_case_log - INFO - 准备打开url:http://192.168.1.82:3322/
2024-09-09 17:56:22 - test_case_log - INFO - 打开url成功:http://192.168.1.82:3322/
2024-09-09 17:56:22 - test_case_log - INFO - 准备打开url:http://192.168.1.82:3322/
2024-09-09 17:56:22 - test_case_log - INFO - 打开url成功:http://192.168.1.82:3322/
2024-09-09 17:56:22 - test_case_log - INFO - 准备输入内容:admin
2024-09-09 17:56:22 - test_case_log - INFO - 等待('id', 'username')元素可见
2024-09-09 17:56:22 - test_case_log - INFO - ('id', 'username')元素可见成功
2024-09-09 17:56:22 - test_case_log - INFO - 输入内容成功:admin
2024-09-09 17:56:22 - test_case_log - INFO - 准备输入内容:sermatec2023
2024-09-09 17:56:22 - test_case_log - INFO - 等待('id', 'password')元素可见
2024-09-09 17:56:22 - test_case_log - INFO - ('id', 'password')元素可见成功
2024-09-09 17:56:22 - test_case_log - INFO - 输入内容成功:sermatec2023
2024-09-09 17:56:22 - test_case_log - INFO - 准备点击
2024-09-09 17:56:22 - test_case_log - INFO - 等待('xpath', "//*[@type='submit']")元素可见
2024-09-09 17:56:22 - test_case_log - INFO - ('xpath', "//*[@type='submit']")元素可见成功
2024-09-09 17:56:22 - test_case_log - INFO - 点击成功
2024-09-09 17:57:05 - test_case_log - INFO - 准备打开url:http://192.168.1.82:3322/
2024-09-09 17:57:05 - test_case_log - INFO - 打开url成功:http://192.168.1.82:3322/
2024-09-09 17:57:05 - test_case_log - INFO - 准备输入内容:admin
2024-09-09 17:57:05 - test_case_log - INFO - 等待('id', 'username')元素可见
2024-09-09 17:57:07 - test_case_log - INFO - ('id', 'username')元素可见成功
2024-09-09 17:57:07 - test_case_log - INFO - 输入内容成功:admin
2024-09-09 17:57:07 - test_case_log - INFO - 准备输入内容:sermatec2023
2024-09-09 17:57:07 - test_case_log - INFO - 等待('id', 'password')元素可见
2024-09-09 17:57:07 - test_case_log - INFO - ('id', 'password')元素可见成功
2024-09-09 17:57:07 - test_case_log - INFO - 输入内容成功:sermatec2023
2024-09-09 17:57:07 - test_case_log - INFO - 准备点击
2024-09-09 17:57:07 - test_case_log - INFO - 等待('xpath', "//*[@type='submit']")元素可见
2024-09-09 17:57:07 - test_case_log - INFO - ('xpath', "//*[@type='submit']")元素可见成功
2024-09-09 17:57:07 - test_case_log - INFO - 点击成功
2024-09-09 18:18:34 - test_case_log - INFO - TestLogin开始执行用例
2024-09-09 18:18:34 - test_case_log - INFO - 准备打开url:http://192.168.1.82:3322/
2024-09-09 18:18:34 - test_case_log - INFO - 准备打开url:http://192.168.1.82:3322/
2024-09-09 18:18:35 - test_case_log - INFO - 打开url成功:http://192.168.1.82:3322/
2024-09-09 18:18:35 - test_case_log - INFO - 打开url成功:http://192.168.1.82:3322/
2024-09-09 18:18:35 - test_case_log - INFO - 准备输入内容:admin
2024-09-09 18:18:35 - test_case_log - INFO - 准备输入内容:admin
2024-09-09 18:18:35 - test_case_log - INFO - 等待('id', 'username')元素可见
2024-09-09 18:18:35 - test_case_log - INFO - 等待('id', 'username')元素可见
2024-09-09 18:18:36 - test_case_log - INFO - ('id', 'username')元素可见成功
2024-09-09 18:18:36 - test_case_log - INFO - ('id', 'username')元素可见成功
2024-09-09 18:18:36 - test_case_log - INFO - 输入内容成功:admin
2024-09-09 18:18:36 - test_case_log - INFO - 输入内容成功:admin
2024-09-09 18:18:36 - test_case_log - INFO - 准备输入内容:sermatec2023
2024-09-09 18:18:36 - test_case_log - INFO - 准备输入内容:sermatec2023
2024-09-09 18:18:36 - test_case_log - INFO - 等待('id', 'password')元素可见
2024-09-09 18:18:36 - test_case_log - INFO - 等待('id', 'password')元素可见
2024-09-09 18:18:36 - test_case_log - INFO - ('id', 'password')元素可见成功
2024-09-09 18:18:36 - test_case_log - INFO - ('id', 'password')元素可见成功
2024-09-09 18:18:36 - test_case_log - INFO - 输入内容成功:sermatec2023
2024-09-09 18:18:36 - test_case_log - INFO - 输入内容成功:sermatec2023
2024-09-09 18:18:36 - test_case_log - INFO - 准备点击
2024-09-09 18:18:36 - test_case_log - INFO - 准备点击
2024-09-09 18:18:36 - test_case_log - INFO - 等待('xpath', "//*[@type='submit']")元素可见
2024-09-09 18:18:36 - test_case_log - INFO - 等待('xpath', "//*[@type='submit']")元素可见
2024-09-09 18:18:36 - test_case_log - INFO - ('xpath', "//*[@type='submit']")元素可见成功
2024-09-09 18:18:36 - test_case_log - INFO - ('xpath', "//*[@type='submit']")元素可见成功
2024-09-09 18:18:36 - test_case_log - INFO - 点击成功
2024-09-09 18:18:36 - test_case_log - INFO - 点击成功
2024-09-09 18:18:36 - test_case_log - INFO - 准备获取元素文本信息
2024-09-09 18:18:36 - test_case_log - INFO - 准备获取元素文本信息
2024-09-09 18:18:36 - test_case_log - INFO - 等待('xpath', "//*[contains(text(),'采日运维管理系统')]")元素可见
2024-09-09 18:18:36 - test_case_log - INFO - 等待('xpath', "//*[contains(text(),'采日运维管理系统')]")元素可见
2024-09-09 18:18:36 - test_case_log - INFO - ('xpath', "//*[contains(text(),'采日运维管理系统')]")元素可见成功
2024-09-09 18:18:36 - test_case_log - INFO - ('xpath', "//*[contains(text(),'采日运维管理系统')]")元素可见成功
2024-09-09 18:18:36 - test_case_log - INFO - 获取元素文本信息成功:采日运维管理系统
2024-09-09 18:18:36 - test_case_log - INFO - 获取元素文本信息成功:采日运维管理系统
2024-09-09 18:18:36 - test_case_log - INFO - TestLogin执行用例成功
2024-09-09 18:18:36 - test_case_log - INFO - TestLogin执行用例成功
2024-09-09 18:25:48 - test_case_log - INFO - TestLogin开始执行用例
2024-09-09 18:25:48 - test_case_log - INFO - TestLogin执行用例成功
2024-09-09 18:25:48 - test_case_log - INFO - TestLogin执行用例成功
2024-09-09 18:26:01 - test_case_log - INFO - TestLogin开始执行用例
2024-09-09 18:26:01 - test_case_log - INFO - 准备打开url:http://192.168.1.82:3322/
2024-09-09 18:26:01 - test_case_log - INFO - 准备打开url:http://192.168.1.82:3322/
2024-09-09 18:26:01 - test_case_log - INFO - 打开url成功:http://192.168.1.82:3322/
2024-09-09 18:26:01 - test_case_log - INFO - 打开url成功:http://192.168.1.82:3322/
2024-09-09 18:26:01 - test_case_log - INFO - 准备输入内容:admin
2024-09-09 18:26:01 - test_case_log - INFO - 准备输入内容:admin
2024-09-09 18:26:01 - test_case_log - INFO - 等待('id', 'username')元素可见
2024-09-09 18:26:01 - test_case_log - INFO - 等待('id', 'username')元素可见
2024-09-09 18:26:02 - test_case_log - INFO - ('id', 'username')元素可见成功
2024-09-09 18:26:02 - test_case_log - INFO - ('id', 'username')元素可见成功
2024-09-09 18:26:02 - test_case_log - INFO - 输入内容成功:admin
2024-09-09 18:26:02 - test_case_log - INFO - 输入内容成功:admin
2024-09-09 18:26:02 - test_case_log - INFO - 准备输入内容:sermatec2023
2024-09-09 18:26:02 - test_case_log - INFO - 准备输入内容:sermatec2023
2024-09-09 18:26:02 - test_case_log - INFO - 等待('id', 'password')元素可见
2024-09-09 18:26:02 - test_case_log - INFO - 等待('id', 'password')元素可见
2024-09-09 18:26:02 - test_case_log - INFO - ('id', 'password')元素可见成功
2024-09-09 18:26:02 - test_case_log - INFO - ('id', 'password')元素可见成功
2024-09-09 18:26:02 - test_case_log - INFO - 输入内容成功:sermatec2023
2024-09-09 18:26:02 - test_case_log - INFO - 输入内容成功:sermatec2023
2024-09-09 18:26:02 - test_case_log - INFO - 准备点击
2024-09-09 18:26:02 - test_case_log - INFO - 准备点击
2024-09-09 18:26:02 - test_case_log - INFO - 等待('xpath', "//*[@type='submit']")元素可见
2024-09-09 18:26:02 - test_case_log - INFO - 等待('xpath', "//*[@type='submit']")元素可见
2024-09-09 18:26:03 - test_case_log - INFO - ('xpath', "//*[@type='submit']")元素可见成功
2024-09-09 18:26:03 - test_case_log - INFO - ('xpath', "//*[@type='submit']")元素可见成功
2024-09-09 18:26:03 - test_case_log - INFO - 点击成功
2024-09-09 18:26:03 - test_case_log - INFO - 点击成功
2024-09-09 18:26:03 - test_case_log - INFO - TestLogin执行用例成功
2024-09-09 18:26:03 - test_case_log - INFO - TestLogin执行用例成功
2024-09-09 18:26:36 - test_case_log - INFO - 准备打开url:http://192.168.1.82:3322/
2024-09-09 18:26:37 - test_case_log - INFO - 打开url成功:http://192.168.1.82:3322/
2024-09-09 18:26:37 - test_case_log - INFO - 准备输入内容:admin
2024-09-09 18:26:37 - test_case_log - INFO - 等待('id', 'username')元素可见
2024-09-09 18:26:38 - test_case_log - INFO - ('id', 'username')元素可见成功
2024-09-09 18:26:38 - test_case_log - INFO - 输入内容成功:admin
2024-09-09 18:26:38 - test_case_log - INFO - 准备输入内容:sermatec2023
2024-09-09 18:26:38 - test_case_log - INFO - 等待('id', 'password')元素可见
2024-09-09 18:26:38 - test_case_log - INFO - ('id', 'password')元素可见成功
2024-09-09 18:26:38 - test_case_log - INFO - 输入内容成功:sermatec2023
2024-09-09 18:26:38 - test_case_log - INFO - 准备点击
2024-09-09 18:26:38 - test_case_log - INFO - 等待('xpath', "//*[@type='submit']")元素可见
2024-09-09 18:26:38 - test_case_log - INFO - ('xpath', "//*[@type='submit']")元素可见成功
2024-09-09 18:26:38 - test_case_log - INFO - 点击成功
2024-09-09 18:27:13 - test_case_log - INFO - 准备打开url:http://192.168.1.82:3322/
2024-09-09 18:27:13 - test_case_log - INFO - 准备打开url:http://192.168.1.82:3322/
2024-09-09 18:27:13 - test_case_log - INFO - 打开url成功:http://192.168.1.82:3322/
2024-09-09 18:27:13 - test_case_log - INFO - 打开url成功:http://192.168.1.82:3322/
2024-09-09 18:27:13 - test_case_log - INFO - 准备输入内容:admin
2024-09-09 18:27:13 - test_case_log - INFO - 准备输入内容:admin
2024-09-09 18:27:13 - test_case_log - INFO - 等待('id', 'username')元素可见
2024-09-09 18:27:13 - test_case_log - INFO - 等待('id', 'username')元素可见
2024-09-09 18:27:14 - test_case_log - INFO - ('id', 'username')元素可见成功
2024-09-09 18:27:14 - test_case_log - INFO - ('id', 'username')元素可见成功
2024-09-09 18:27:15 - test_case_log - INFO - 输入内容成功:admin
2024-09-09 18:27:15 - test_case_log - INFO - 输入内容成功:admin
2024-09-09 18:27:15 - test_case_log - INFO - 准备输入内容:sermatec2023
2024-09-09 18:27:15 - test_case_log - INFO - 准备输入内容:sermatec2023
2024-09-09 18:27:15 - test_case_log - INFO - 等待('id', 'password')元素可见
2024-09-09 18:27:15 - test_case_log - INFO - 等待('id', 'password')元素可见
2024-09-09 18:27:15 - test_case_log - INFO - ('id', 'password')元素可见成功
2024-09-09 18:27:15 - test_case_log - INFO - ('id', 'password')元素可见成功
2024-09-09 18:27:15 - test_case_log - INFO - 输入内容成功:sermatec2023
2024-09-09 18:27:15 - test_case_log - INFO - 输入内容成功:sermatec2023
2024-09-09 18:27:15 - test_case_log - INFO - 准备点击
2024-09-09 18:27:15 - test_case_log - INFO - 准备点击
2024-09-09 18:27:15 - test_case_log - INFO - 等待('xpath', "//*[@type='submit']")元素可见
2024-09-09 18:27:15 - test_case_log - INFO - 等待('xpath', "//*[@type='submit']")元素可见
2024-09-09 18:27:15 - test_case_log - INFO - ('xpath', "//*[@type='submit']")元素可见成功
2024-09-09 18:27:15 - test_case_log - INFO - ('xpath', "//*[@type='submit']")元素可见成功
2024-09-09 18:27:15 - test_case_log - INFO - 点击成功
2024-09-09 18:27:15 - test_case_log - INFO - 点击成功
2024-09-09 18:28:38 - test_case_log - INFO - 准备打开url:http://192.168.1.82:3322/
2024-09-09 18:28:39 - test_case_log - INFO - 打开url成功:http://192.168.1.82:3322/
2024-09-09 18:28:39 - test_case_log - INFO - 准备输入内容:admin
2024-09-09 18:28:39 - test_case_log - INFO - 等待('id', 'username')元素可见
2024-09-09 18:28:40 - test_case_log - INFO - ('id', 'username')元素可见成功
2024-09-09 18:28:40 - test_case_log - INFO - 输入内容成功:admin
2024-09-09 18:28:40 - test_case_log - INFO - 准备输入内容:sermatec2023
2024-09-09 18:28:40 - test_case_log - INFO - 等待('id', 'password')元素可见
2024-09-09 18:28:40 - test_case_log - INFO - ('id', 'password')元素可见成功
2024-09-09 18:28:40 - test_case_log - INFO - 输入内容成功:sermatec2023
2024-09-09 18:28:40 - test_case_log - INFO - 准备点击
2024-09-09 18:28:40 - test_case_log - INFO - 等待('xpath', "//*[@type='submit']")元素可见
2024-09-09 18:28:40 - test_case_log - INFO - ('xpath', "//*[@type='submit']")元素可见成功
2024-09-09 18:28:40 - test_case_log - INFO - 点击成功
2024-09-09 18:29:16 - test_case_log - INFO - TestLogin开始执行用例
2024-09-09 18:29:16 - test_case_log - INFO - 准备打开url:http://192.168.1.82:3322/
2024-09-09 18:29:16 - test_case_log - INFO - 准备打开url:http://192.168.1.82:3322/
2024-09-09 18:29:17 - test_case_log - INFO - 打开url成功:http://192.168.1.82:3322/
2024-09-09 18:29:17 - test_case_log - INFO - 打开url成功:http://192.168.1.82:3322/
2024-09-09 18:29:17 - test_case_log - INFO - 准备输入内容:admin
2024-09-09 18:29:17 - test_case_log - INFO - 准备输入内容:admin
2024-09-09 18:29:17 - test_case_log - INFO - 等待('id', 'username')元素可见
2024-09-09 18:29:17 - test_case_log - INFO - 等待('id', 'username')元素可见
2024-09-09 18:29:18 - test_case_log - INFO - ('id', 'username')元素可见成功
2024-09-09 18:29:18 - test_case_log - INFO - ('id', 'username')元素可见成功
2024-09-09 18:29:18 - test_case_log - INFO - 输入内容成功:admin
2024-09-09 18:29:18 - test_case_log - INFO - 输入内容成功:admin
2024-09-09 18:29:18 - test_case_log - INFO - 准备输入内容:sermatec2023
2024-09-09 18:29:18 - test_case_log - INFO - 准备输入内容:sermatec2023
2024-09-09 18:29:18 - test_case_log - INFO - 等待('id', 'password')元素可见
2024-09-09 18:29:18 - test_case_log - INFO - 等待('id', 'password')元素可见
2024-09-09 18:29:18 - test_case_log - INFO - ('id', 'password')元素可见成功
2024-09-09 18:29:18 - test_case_log - INFO - ('id', 'password')元素可见成功
2024-09-09 18:29:18 - test_case_log - INFO - 输入内容成功:sermatec2023
2024-09-09 18:29:18 - test_case_log - INFO - 输入内容成功:sermatec2023
2024-09-09 18:29:18 - test_case_log - INFO - 准备点击
2024-09-09 18:29:18 - test_case_log - INFO - 准备点击
2024-09-09 18:29:18 - test_case_log - INFO - 等待('xpath', "//*[@type='submit']")元素可见
2024-09-09 18:29:18 - test_case_log - INFO - 等待('xpath', "//*[@type='submit']")元素可见
2024-09-09 18:29:18 - test_case_log - INFO - ('xpath', "//*[@type='submit']")元素可见成功
2024-09-09 18:29:18 - test_case_log - INFO - ('xpath', "//*[@type='submit']")元素可见成功
2024-09-09 18:29:18 - test_case_log - INFO - 点击成功
2024-09-09 18:29:18 - test_case_log - INFO - 点击成功
2024-09-09 18:33:29 - test_case_log - INFO - 准备打开url:https://www.baidu.com
2024-09-09 18:33:29 - test_case_log - INFO - 打开url成功:https://www.baidu.com
2024-09-09 18:33:40 - test_case_log - INFO - TestLogin开始执行用例
2024-09-09 18:33:40 - test_case_log - INFO - 准备打开url:http://192.168.1.82:3322/
2024-09-09 18:33:40 - test_case_log - INFO - 准备打开url:http://192.168.1.82:3322/
2024-09-09 18:33:41 - test_case_log - INFO - 打开url成功:http://192.168.1.82:3322/
2024-09-09 18:33:41 - test_case_log - INFO - 打开url成功:http://192.168.1.82:3322/
2024-09-09 18:33:41 - test_case_log - INFO - 准备输入内容:admin
2024-09-09 18:33:41 - test_case_log - INFO - 准备输入内容:admin
2024-09-09 18:33:41 - test_case_log - INFO - 等待('id', 'username')元素可见
2024-09-09 18:33:41 - test_case_log - INFO - 等待('id', 'username')元素可见
2024-09-09 18:33:42 - test_case_log - INFO - ('id', 'username')元素可见成功
2024-09-09 18:33:42 - test_case_log - INFO - ('id', 'username')元素可见成功
2024-09-09 18:33:42 - test_case_log - INFO - 输入内容成功:admin
2024-09-09 18:33:42 - test_case_log - INFO - 输入内容成功:admin
2024-09-09 18:33:42 - test_case_log - INFO - 准备输入内容:sermatec2023
2024-09-09 18:33:42 - test_case_log - INFO - 准备输入内容:sermatec2023
2024-09-09 18:33:42 - test_case_log - INFO - 等待('id', 'password')元素可见
2024-09-09 18:33:42 - test_case_log - INFO - 等待('id', 'password')元素可见
2024-09-09 18:33:42 - test_case_log - INFO - ('id', 'password')元素可见成功
2024-09-09 18:33:42 - test_case_log - INFO - ('id', 'password')元素可见成功
2024-09-09 18:33:42 - test_case_log - INFO - 输入内容成功:sermatec2023
2024-09-09 18:33:42 - test_case_log - INFO - 输入内容成功:sermatec2023
2024-09-09 18:33:42 - test_case_log - INFO - 准备点击
2024-09-09 18:33:42 - test_case_log - INFO - 准备点击
2024-09-09 18:33:42 - test_case_log - INFO - 等待('xpath', "//*[@type='submit']")元素可见
2024-09-09 18:33:42 - test_case_log - INFO - 等待('xpath', "//*[@type='submit']")元素可见
2024-09-09 18:33:42 - test_case_log - INFO - ('xpath', "//*[@type='submit']")元素可见成功
2024-09-09 18:33:42 - test_case_log - INFO - ('xpath', "//*[@type='submit']")元素可见成功
2024-09-09 18:33:42 - test_case_log - INFO - 点击成功
2024-09-09 18:33:42 - test_case_log - INFO - 点击成功
2024-09-09 18:35:53 - test_case_log - INFO - TestLogin开始执行用例
2024-09-09 18:36:27 - test_case_log - INFO - TestLogin开始执行用例
2024-09-09 18:36:27 - test_case_log - INFO - 准备打开url:http://192.168.1.82:3322/
2024-09-09 18:36:28 - test_case_log - INFO - 打开url成功:http://192.168.1.82:3322/
2024-09-09 18:36:28 - test_case_log - INFO - 准备最大化当前页面
2024-09-09 18:36:28 - test_case_log - INFO - 最大化当前页面成功
2024-09-09 18:36:28 - test_case_log - INFO - 准备输入内容:admin
2024-09-09 18:36:28 - test_case_log - INFO - 等待('id', 'username')元素可见
2024-09-09 18:36:28 - test_case_log - INFO - ('id', 'username')元素可见成功
2024-09-09 18:36:28 - test_case_log - INFO - 输入内容成功:admin
2024-09-09 18:36:28 - test_case_log - INFO - 准备输入内容:sermatec2023
2024-09-09 18:36:28 - test_case_log - INFO - 等待('id', 'password')元素可见
2024-09-09 18:36:28 - test_case_log - INFO - ('id', 'password')元素可见成功
2024-09-09 18:36:28 - test_case_log - INFO - 输入内容成功:sermatec2023
2024-09-09 18:36:28 - test_case_log - INFO - 准备点击
2024-09-09 18:36:28 - test_case_log - INFO - 等待('xpath', "//*[@type='submit']")元素可见
2024-09-09 18:36:28 - test_case_log - INFO - ('xpath', "//*[@type='submit']")元素可见成功
2024-09-09 18:36:28 - test_case_log - INFO - 点击成功
2024-09-09 18:37:53 - test_case_log - INFO - TestLogin开始执行用例
2024-09-09 18:37:53 - test_case_log - INFO - 准备打开url:http://192.168.1.82:3322/
2024-09-09 18:37:54 - test_case_log - INFO - 打开url成功:http://192.168.1.82:3322/
2024-09-09 18:37:54 - test_case_log - INFO - 准备最大化当前页面
2024-09-09 18:37:54 - test_case_log - INFO - 最大化当前页面成功
2024-09-09 18:37:54 - test_case_log - INFO - 准备输入内容:admin
2024-09-09 18:37:54 - test_case_log - INFO - 等待('id', 'username')元素可见
2024-09-09 18:37:54 - test_case_log - INFO - ('id', 'username')元素可见成功
2024-09-09 18:37:54 - test_case_log - INFO - 输入内容成功:admin
2024-09-09 18:37:54 - test_case_log - INFO - 准备输入内容:sermatec2023
2024-09-09 18:37:54 - test_case_log - INFO - 等待('id', 'password')元素可见
2024-09-09 18:37:54 - test_case_log - INFO - ('id', 'password')元素可见成功
2024-09-09 18:37:54 - test_case_log - INFO - 输入内容成功:sermatec2023
2024-09-09 18:37:54 - test_case_log - INFO - 准备点击
2024-09-09 18:37:54 - test_case_log - INFO - 等待('xpath', "//*[@type='submit']")元素可见
2024-09-09 18:37:54 - test_case_log - INFO - ('xpath', "//*[@type='submit']")元素可见成功
2024-09-09 18:37:54 - test_case_log - INFO - 点击成功
2024-09-09 18:37:54 - test_case_log - INFO - 准备获取元素文本信息
2024-09-09 18:37:54 - test_case_log - INFO - 等待('xpath', "//*[contains(text(),'采日运维管理系统')]")元素可见
2024-09-09 18:37:54 - test_case_log - INFO - ('xpath', "//*[contains(text(),'采日运维管理系统')]")元素可见成功
2024-09-09 18:37:54 - test_case_log - INFO - 获取元素文本信息成功:采日运维管理系统
2024-09-09 18:37:54 - test_case_log - INFO - TestLogin执行用例成功
2024-09-09 18:38:31 - test_case_log - INFO - TestLogin开始执行用例
2024-09-09 18:38:31 - test_case_log - INFO - 准备打开url:http://192.168.1.82:3322/
2024-09-09 18:38:32 - test_case_log - INFO - 打开url成功:http://192.168.1.82:3322/
2024-09-09 18:38:32 - test_case_log - INFO - 准备最大化当前页面
2024-09-09 18:38:32 - test_case_log - INFO - 最大化当前页面成功
2024-09-09 18:38:32 - test_case_log - INFO - 准备输入内容:admin
2024-09-09 18:38:32 - test_case_log - INFO - 等待('id', 'username')元素可见
2024-09-09 18:38:32 - test_case_log - INFO - ('id', 'username')元素可见成功
2024-09-09 18:38:32 - test_case_log - INFO - 输入内容成功:admin
2024-09-09 18:38:32 - test_case_log - INFO - 准备输入内容:sermatec2023
2024-09-09 18:38:32 - test_case_log - INFO - 等待('id', 'password')元素可见
2024-09-09 18:38:32 - test_case_log - INFO - ('id', 'password')元素可见成功
2024-09-09 18:38:32 - test_case_log - INFO - 输入内容成功:sermatec2023
2024-09-09 18:38:32 - test_case_log - INFO - 准备点击
2024-09-09 18:38:32 - test_case_log - INFO - 等待('xpath', "//*[@type='submit']")元素可见
2024-09-09 18:38:32 - test_case_log - INFO - ('xpath', "//*[@type='submit']")元素可见成功
2024-09-09 18:38:32 - test_case_log - INFO - 点击成功
2024-09-09 18:38:32 - test_case_log - INFO - 准备获取元素文本信息
2024-09-09 18:38:32 - test_case_log - INFO - 等待('xpath', "//*[contains(text(),'采日运维管理系统')]")元素可见
2024-09-09 18:38:33 - test_case_log - INFO - ('xpath', "//*[contains(text(),'采日运维管理系统')]")元素可见成功
2024-09-09 18:38:33 - test_case_log - INFO - 获取元素文本信息成功:采日运维管理系统
2024-09-09 18:38:33 - test_case_log - INFO - TestLogin执行用例成功
2024-09-09 18:56:40 - test_case_log - INFO - TestLogin开始执行用例
2024-09-09 18:56:40 - test_case_log - INFO - TestLogin开始执行用例
2024-09-09 18:56:40 - test_case_log - INFO - 准备打开url:http://192.168.1.82:3322/
2024-09-09 18:56:40 - test_case_log - INFO - 准备打开url:http://192.168.1.82:3322/
2024-09-09 18:56:41 - test_case_log - INFO - 打开url成功:http://192.168.1.82:3322/
2024-09-09 18:56:41 - test_case_log - INFO - 打开url成功:http://192.168.1.82:3322/
2024-09-09 18:56:41 - test_case_log - INFO - 准备最大化当前页面
2024-09-09 18:56:41 - test_case_log - INFO - 准备最大化当前页面
2024-09-09 18:56:41 - test_case_log - INFO - 最大化当前页面成功
2024-09-09 18:56:41 - test_case_log - INFO - 最大化当前页面成功
2024-09-09 18:56:41 - test_case_log - INFO - 准备输入内容:admin
2024-09-09 18:56:41 - test_case_log - INFO - 准备输入内容:admin
2024-09-09 18:56:41 - test_case_log - INFO - 等待('id', 'username')元素可见
2024-09-09 18:56:41 - test_case_log - INFO - 等待('id', 'username')元素可见
2024-09-09 18:56:41 - test_case_log - INFO - ('id', 'username')元素可见成功
2024-09-09 18:56:41 - test_case_log - INFO - ('id', 'username')元素可见成功
2024-09-09 18:56:41 - test_case_log - INFO - 输入内容成功:admin
2024-09-09 18:56:41 - test_case_log - INFO - 输入内容成功:admin
2024-09-09 18:56:41 - test_case_log - INFO - 准备输入内容:sermatec2023
2024-09-09 18:56:41 - test_case_log - INFO - 准备输入内容:sermatec2023
2024-09-09 18:56:41 - test_case_log - INFO - 等待('id', 'password')元素可见
2024-09-09 18:56:41 - test_case_log - INFO - 等待('id', 'password')元素可见
2024-09-09 18:56:41 - test_case_log - INFO - ('id', 'password')元素可见成功
2024-09-09 18:56:41 - test_case_log - INFO - ('id', 'password')元素可见成功
2024-09-09 18:56:41 - test_case_log - INFO - 输入内容成功:sermatec2023
2024-09-09 18:56:41 - test_case_log - INFO - 输入内容成功:sermatec2023
2024-09-09 18:56:41 - test_case_log - INFO - 准备点击
2024-09-09 18:56:41 - test_case_log - INFO - 准备点击
2024-09-09 18:56:41 - test_case_log - INFO - 等待('xpath', "//*[@type='submit']")元素可见
2024-09-09 18:56:41 - test_case_log - INFO - 等待('xpath', "//*[@type='submit']")元素可见
2024-09-09 18:56:41 - test_case_log - INFO - ('xpath', "//*[@type='submit']")元素可见成功
2024-09-09 18:56:41 - test_case_log - INFO - ('xpath', "//*[@type='submit']")元素可见成功
2024-09-09 18:56:41 - test_case_log - INFO - 点击成功
2024-09-09 18:56:41 - test_case_log - INFO - 点击成功
2024-09-09 18:56:41 - test_case_log - INFO - 准备获取元素文本信息
2024-09-09 18:56:41 - test_case_log - INFO - 准备获取元素文本信息
2024-09-09 18:56:41 - test_case_log - INFO - 等待('xpath', "//*[contains(text(),'采日运维管理系统')]")元素可见
2024-09-09 18:56:41 - test_case_log - INFO - 等待('xpath', "//*[contains(text(),'采日运维管理系统')]")元素可见
2024-09-09 18:56:41 - test_case_log - INFO - ('xpath', "//*[contains(text(),'采日运维管理系统')]")元素可见成功
2024-09-09 18:56:41 - test_case_log - INFO - ('xpath', "//*[contains(text(),'采日运维管理系统')]")元素可见成功
2024-09-09 18:56:41 - test_case_log - INFO - 获取元素文本信息成功:采日运维管理系统
2024-09-09 18:56:41 - test_case_log - INFO - 获取元素文本信息成功:采日运维管理系统
2024-09-09 18:56:41 - test_case_log - INFO - TestLogin执行用例成功
2024-09-09 18:56:41 - test_case_log - INFO - TestLogin执行用例成功
